<?xml version="1.0" encoding="UTF-8"?>
<!-- Generated by org.testng.reporters.JUnitXMLReporter -->
<testsuite ignored="0" hostname="Amariss-Mac-mini.local" failures="0" tests="4" name="Default test" time="1.23" errors="0" timestamp="2020-11-18T22:06:47 EST">
  <testcase classname="sw409.Test.employee1" name="addUser" time="1.115"/>
  <testcase classname="sw409.Test.employee1" name="deleteUser" time="0.024"/>
  <testcase classname="sw409.Test.employee1" name="getUser" time="0.033"/>
  <testcase classname="sw409.Test.employee1" name="updateUser" time="0.021"/>
</testsuite> <!-- Default test -->
